# JRE version: OpenJDK Runtime Environment (8.0_152-b01) (build 1.8.0_152-release-915-b01)
# Java VM: OpenJDK 64-Bit Server VM (25.152-b01 mixed mode windows-amd64 compressed oops)
Heap:
 PSYoungGen      total 142336K, used 23999K [0x000000076ab00000, 0x000000077d500000, 0x00000007c0000000)
  eden space 129024K, 14% used [0x000000076ab00000,0x000000076bcfcf38,0x0000000772900000)
  from space 13312K, 41% used [0x0000000772900000,0x0000000772e73008,0x0000000773600000)
  to   space 23552K, 0% used [0x000000077be00000,0x000000077be00000,0x000000077d500000)
 ParOldGen       total 80896K, used 43648K [0x00000006c0000000, 0x00000006c4f00000, 0x000000076ab00000)
  object space 80896K, 53% used [0x00000006c0000000,0x00000006c2aa0280,0x00000006c4f00000)
 Metaspace       used 6240K, capacity 7152K, committed 7296K, reserved 1056768K
  class space    used 579K, capacity 616K, committed 640K, reserved 1048576K
GC Heap History (10 events):
Event: 10.773 GC heap before
{Heap before GC invocations=4 (full 0):
 PSYoungGen      total 35328K, used 35324K [0x000000076ab00000, 0x000000076f000000, 0x00000007c0000000)
  eden space 32768K, 100% used [0x000000076ab00000,0x000000076cb00000,0x000000076cb00000)
  from space 2560K, 99% used [0x000000076cb00000,0x000000076cd7f188,0x000000076cd80000)
  to   space 2560K, 0% used [0x000000076ed80000,0x000000076ed80000,0x000000076f000000)
 ParOldGen       total 44032K, used 10271K [0x00000006c0000000, 0x00000006c2b00000, 0x000000076ab00000)
  object space 44032K, 23% used [0x00000006c0000000,0x00000006c0a07c48,0x00000006c2b00000)
 Metaspace       used 6057K, capacity 7024K, committed 7296K, reserved 1056768K
  class space    used 577K, capacity 616K, committed 640K, reserved 1048576K
Event: 10.783 GC heap after
Heap after GC invocations=4 (full 0):
 PSYoungGen      total 68096K, used 2558K [0x000000076ab00000, 0x000000076f000000, 0x00000007c0000000)
  eden space 65536K, 0% used [0x000000076ab00000,0x000000076ab00000,0x000000076eb00000)
  from space 2560K, 99% used [0x000000076ed80000,0x000000076efff998,0x000000076f000000)
  to   space 2560K, 0% used [0x000000076eb00000,0x000000076eb00000,0x000000076ed80000)
 ParOldGen       total 44032K, used 13942K [0x00000006c0000000, 0x00000006c2b00000, 0x000000076ab00000)
  object space 44032K, 31% used [0x00000006c0000000,0x00000006c0d9d8d0,0x00000006c2b00000)
 Metaspace       used 6057K, capacity 7024K, committed 7296K, reserved 1056768K
  class space    used 577K, capacity 616K, committed 640K, reserved 1048576K
}
Event: 14.543 GC heap before
{Heap before GC invocations=5 (full 0):
 PSYoungGen      total 68096K, used 68094K [0x000000076ab00000, 0x000000076f000000, 0x00000007c0000000)
  eden space 65536K, 100% used [0x000000076ab00000,0x000000076eb00000,0x000000076eb00000)
  from space 2560K, 99% used [0x000000076ed80000,0x000000076efff998,0x000000076f000000)
  to   space 2560K, 0% used [0x000000076eb00000,0x000000076eb00000,0x000000076ed80000)
 ParOldGen       total 44032K, used 13942K [0x00000006c0000000, 0x00000006c2b00000, 0x000000076ab00000)
  object space 44032K, 31% used [0x00000006c0000000,0x00000006c0d9d8d0,0x00000006c2b00000)
 Metaspace       used 6132K, capacity 7088K, committed 7296K, reserved 1056768K
  class space    used 578K, capacity 616K, committed 640K, reserved 1048576K
Event: 14.561 GC heap after
Heap after GC invocations=5 (full 0):
 PSYoungGen      total 68096K, used 2536K [0x000000076ab00000, 0x0000000774100000, 0x00000007c0000000)
  eden space 65536K, 0% used [0x000000076ab00000,0x000000076ab00000,0x000000076eb00000)
  from space 2560K, 99% used [0x000000076eb00000,0x000000076ed7a080,0x000000076ed80000)
  to   space 11264K, 0% used [0x0000000773600000,0x0000000773600000,0x0000000774100000)
 ParOldGen       total 44032K, used 21866K [0x00000006c0000000, 0x00000006c2b00000, 0x000000076ab00000)
  object space 44032K, 49% used [0x00000006c0000000,0x00000006c155aa48,0x00000006c2b00000)
 Metaspace       used 6132K, capacity 7088K, committed 7296K, reserved 1056768K
  class space    used 578K, capacity 616K, committed 640K, reserved 1048576K
}
Event: 17.010 GC heap before
{Heap before GC invocations=6 (full 0):
 PSYoungGen      total 68096K, used 68072K [0x000000076ab00000, 0x0000000774100000, 0x00000007c0000000)
  eden space 65536K, 100% used [0x000000076ab00000,0x000000076eb00000,0x000000076eb00000)
  from space 2560K, 99% used [0x000000076eb00000,0x000000076ed7a080,0x000000076ed80000)
  to   space 11264K, 0% used [0x0000000773600000,0x0000000773600000,0x0000000774100000)
 ParOldGen       total 44032K, used 21866K [0x00000006c0000000, 0x00000006c2b00000, 0x000000076ab00000)
  object space 44032K, 49% used [0x00000006c0000000,0x00000006c155aa48,0x00000006c2b00000)
 Metaspace       used 6179K, capacity 7152K, committed 7296K, reserved 1056768K
  class space    used 578K, capacity 616K, committed 640K, reserved 1048576K
Event: 18.611 GC heap after
Heap after GC invocations=6 (full 0):
 PSYoungGen      total 140288K, used 11250K [0x000000076ab00000, 0x0000000774500000, 0x00000007c0000000)
  eden space 129024K, 0% used [0x000000076ab00000,0x000000076ab00000,0x0000000772900000)
  from space 11264K, 99% used [0x0000000773600000,0x00000007740fc918,0x0000000774100000)
  to   space 13312K, 0% used [0x0000000772900000,0x0000000772900000,0x0000000773600000)
 ParOldGen       total 44032K, used 22104K [0x00000006c0000000, 0x00000006c2b00000, 0x000000076ab00000)
  object space 44032K, 50% used [0x00000006c0000000,0x00000006c15962c8,0x00000006c2b00000)
 Metaspace       used 6179K, capacity 7152K, committed 7296K, reserved 1056768K
  class space    used 578K, capacity 616K, committed 640K, reserved 1048576K
}
Event: 27.156 GC heap before
{Heap before GC invocations=7 (full 0):
 PSYoungGen      total 140288K, used 140274K [0x000000076ab00000, 0x0000000774500000, 0x00000007c0000000)
  eden space 129024K, 100% used [0x000000076ab00000,0x0000000772900000,0x0000000772900000)
  from space 11264K, 99% used [0x0000000773600000,0x00000007740fc918,0x0000000774100000)
  to   space 13312K, 0% used [0x0000000772900000,0x0000000772900000,0x0000000773600000)
 ParOldGen       total 44032K, used 22104K [0x00000006c0000000, 0x00000006c2b00000, 0x000000076ab00000)
  object space 44032K, 50% used [0x00000006c0000000,0x00000006c15962c8,0x00000006c2b00000)
 Metaspace       used 6223K, capacity 7152K, committed 7296K, reserved 1056768K
  class space    used 578K, capacity 616K, committed 640K, reserved 1048576K
Event: 27.248 GC heap after
Heap after GC invocations=7 (full 0):
 PSYoungGen      total 142336K, used 13289K [0x000000076ab00000, 0x000000077d500000, 0x00000007c0000000)
  eden space 129024K, 0% used [0x000000076ab00000,0x000000076ab00000,0x0000000772900000)
  from space 13312K, 99% used [0x0000000772900000,0x00000007735fa640,0x0000000773600000)
  to   space 23552K, 0% used [0x000000077be00000,0x000000077be00000,0x000000077d500000)
 ParOldGen       total 44032K, used 39060K [0x00000006c0000000, 0x00000006c2b00000, 0x000000076ab00000)
  object space 44032K, 88% used [0x00000006c0000000,0x00000006c2625158,0x00000006c2b00000)
 Metaspace       used 6223K, capacity 7152K, committed 7296K, reserved 1056768K
  class space    used 578K, capacity 616K, committed 640K, reserved 1048576K
}
Event: 27.248 GC heap before
{Heap before GC invocations=8 (full 1):
 PSYoungGen      total 142336K, used 13289K [0x000000076ab00000, 0x000000077d500000, 0x00000007c0000000)
  eden space 129024K, 0% used [0x000000076ab00000,0x000000076ab00000,0x0000000772900000)
  from space 13312K, 99% used [0x0000000772900000,0x00000007735fa640,0x0000000773600000)
  to   space 23552K, 0% used [0x000000077be00000,0x000000077be00000,0x000000077d500000)
 ParOldGen       total 44032K, used 39060K [0x00000006c0000000, 0x00000006c2b00000, 0x000000076ab00000)
  object space 44032K, 88% used [0x00000006c0000000,0x00000006c2625158,0x00000006c2b00000)
 Metaspace       used 6223K, capacity 7152K, committed 7296K, reserved 1056768K
  class space    used 578K, capacity 616K, committed 640K, reserved 1048576K
Event: 28.925 GC heap after
Heap after GC invocations=8 (full 1):
 PSYoungGen      total 142336K, used 5580K [0x000000076ab00000, 0x000000077d500000, 0x00000007c0000000)
  eden space 129024K, 0% used [0x000000076ab00000,0x000000076ab00000,0x0000000772900000)
  from space 13312K, 41% used [0x0000000772900000,0x0000000772e73008,0x0000000773600000)
  to   space 23552K, 0% used [0x000000077be00000,0x000000077be00000,0x000000077d500000)
 ParOldGen       total 80896K, used 43648K [0x00000006c0000000, 0x00000006c4f00000, 0x000000076ab00000)
  object space 80896K, 53% used [0x00000006c0000000,0x00000006c2aa0280,0x00000006c4f00000)
 Metaspace       used 6223K, capacity 7152K, committed 7296K, reserved 1056768K
  class space    used 578K, capacity 616K, committed 640K, reserved 1048576K
}

