# JRE version: OpenJDK Runtime Environment (8.0_152-b01) (build 1.8.0_152-release-915-b01)
# Java VM: OpenJDK 64-Bit Server VM (25.152-b01 mixed mode windows-amd64 compressed oops)
Heap:
 PSYoungGen      total 35328K, used 28207K [0x000000076ab00000, 0x000000076fe00000, 0x00000007c0000000)
  eden space 29696K, 76% used [0x000000076ab00000,0x000000076c10cc60,0x000000076c800000)
  from space 5632K, 99% used [0x000000076d180000,0x000000076d6ff378,0x000000076d700000)
  to   space 9728K, 0% used [0x000000076c800000,0x000000076c800000,0x000000076d180000)
 ParOldGen       total 44032K, used 20058K [0x00000006c0000000, 0x00000006c2b00000, 0x000000076ab00000)
  object space 44032K, 45% used [0x00000006c0000000,0x00000006c1396a78,0x00000006c2b00000)
 Metaspace       used 6123K, capacity 7088K, committed 7296K, reserved 1056768K
  class space    used 577K, capacity 616K, committed 640K, reserved 1048576K
GC Heap History (10 events):
Event: 5.931 GC heap before
{Heap before GC invocations=4 (full 0):
 PSYoungGen      total 18944K, used 18917K [0x000000076ab00000, 0x000000076c000000, 0x00000007c0000000)
  eden space 16384K, 100% used [0x000000076ab00000,0x000000076bb00000,0x000000076bb00000)
  from space 2560K, 98% used [0x000000076bb00000,0x000000076bd79778,0x000000076bd80000)
  to   space 2560K, 0% used [0x000000076bd80000,0x000000076bd80000,0x000000076c000000)
 ParOldGen       total 44032K, used 7314K [0x00000006c0000000, 0x00000006c2b00000, 0x000000076ab00000)
  object space 44032K, 16% used [0x00000006c0000000,0x00000006c0724858,0x00000006c2b00000)
 Metaspace       used 5960K, capacity 6960K, committed 7040K, reserved 1056768K
  class space    used 570K, capacity 616K, committed 640K, reserved 1048576K
Event: 5.941 GC heap after
Heap after GC invocations=4 (full 0):
 PSYoungGen      total 18944K, used 2541K [0x000000076ab00000, 0x000000076d000000, 0x00000007c0000000)
  eden space 16384K, 0% used [0x000000076ab00000,0x000000076ab00000,0x000000076bb00000)
  from space 2560K, 99% used [0x000000076bd80000,0x000000076bffb638,0x000000076c000000)
  to   space 2560K, 0% used [0x000000076bb00000,0x000000076bb00000,0x000000076bd80000)
 ParOldGen       total 44032K, used 10331K [0x00000006c0000000, 0x00000006c2b00000, 0x000000076ab00000)
  object space 44032K, 23% used [0x00000006c0000000,0x00000006c0a16f10,0x00000006c2b00000)
 Metaspace       used 5960K, capacity 6960K, committed 7040K, reserved 1056768K
  class space    used 570K, capacity 616K, committed 640K, reserved 1048576K
}
Event: 6.721 GC heap before
{Heap before GC invocations=5 (full 0):
 PSYoungGen      total 18944K, used 18925K [0x000000076ab00000, 0x000000076d000000, 0x00000007c0000000)
  eden space 16384K, 100% used [0x000000076ab00000,0x000000076bb00000,0x000000076bb00000)
  from space 2560K, 99% used [0x000000076bd80000,0x000000076bffb638,0x000000076c000000)
  to   space 2560K, 0% used [0x000000076bb00000,0x000000076bb00000,0x000000076bd80000)
 ParOldGen       total 44032K, used 10331K [0x00000006c0000000, 0x00000006c2b00000, 0x000000076ab00000)
  object space 44032K, 23% used [0x00000006c0000000,0x00000006c0a16f10,0x00000006c2b00000)
 Metaspace       used 6024K, capacity 7024K, committed 7296K, reserved 1056768K
  class space    used 575K, capacity 616K, committed 640K, reserved 1048576K
Event: 6.797 GC heap after
Heap after GC invocations=5 (full 0):
 PSYoungGen      total 18944K, used 2531K [0x000000076ab00000, 0x000000076d800000, 0x00000007c0000000)
  eden space 16384K, 0% used [0x000000076ab00000,0x000000076ab00000,0x000000076bb00000)
  from space 2560K, 98% used [0x000000076bb00000,0x000000076bd78da0,0x000000076bd80000)
  to   space 6656K, 0% used [0x000000076d180000,0x000000076d180000,0x000000076d800000)
 ParOldGen       total 44032K, used 12338K [0x00000006c0000000, 0x00000006c2b00000, 0x000000076ab00000)
  object space 44032K, 28% used [0x00000006c0000000,0x00000006c0c0c838,0x00000006c2b00000)
 Metaspace       used 6024K, capacity 7024K, committed 7296K, reserved 1056768K
  class space    used 575K, capacity 616K, committed 640K, reserved 1048576K
}
Event: 7.571 GC heap before
{Heap before GC invocations=6 (full 0):
 PSYoungGen      total 18944K, used 18915K [0x000000076ab00000, 0x000000076d800000, 0x00000007c0000000)
  eden space 16384K, 100% used [0x000000076ab00000,0x000000076bb00000,0x000000076bb00000)
  from space 2560K, 98% used [0x000000076bb00000,0x000000076bd78da0,0x000000076bd80000)
  to   space 6656K, 0% used [0x000000076d180000,0x000000076d180000,0x000000076d800000)
 ParOldGen       total 44032K, used 12338K [0x00000006c0000000, 0x00000006c2b00000, 0x000000076ab00000)
  object space 44032K, 28% used [0x00000006c0000000,0x00000006c0c0c838,0x00000006c2b00000)
 Metaspace       used 6065K, capacity 7088K, committed 7296K, reserved 1056768K
  class space    used 577K, capacity 616K, committed 640K, reserved 1048576K
Event: 7.631 GC heap after
Heap after GC invocations=6 (full 0):
 PSYoungGen      total 38400K, used 5010K [0x000000076ab00000, 0x000000076d700000, 0x00000007c0000000)
  eden space 32768K, 0% used [0x000000076ab00000,0x000000076ab00000,0x000000076cb00000)
  from space 5632K, 88% used [0x000000076d180000,0x000000076d664bb8,0x000000076d700000)
  to   space 6144K, 0% used [0x000000076cb00000,0x000000076cb00000,0x000000076d100000)
 ParOldGen       total 44032K, used 12338K [0x00000006c0000000, 0x00000006c2b00000, 0x000000076ab00000)
  object space 44032K, 28% used [0x00000006c0000000,0x00000006c0c0c838,0x00000006c2b00000)
 Metaspace       used 6065K, capacity 7088K, committed 7296K, reserved 1056768K
  class space    used 577K, capacity 616K, committed 640K, reserved 1048576K
}
Event: 8.825 GC heap before
{Heap before GC invocations=7 (full 0):
 PSYoungGen      total 38400K, used 37778K [0x000000076ab00000, 0x000000076d700000, 0x00000007c0000000)
  eden space 32768K, 100% used [0x000000076ab00000,0x000000076cb00000,0x000000076cb00000)
  from space 5632K, 88% used [0x000000076d180000,0x000000076d664bb8,0x000000076d700000)
  to   space 6144K, 0% used [0x000000076cb00000,0x000000076cb00000,0x000000076d100000)
 ParOldGen       total 44032K, used 12338K [0x00000006c0000000, 0x00000006c2b00000, 0x000000076ab00000)
  object space 44032K, 28% used [0x00000006c0000000,0x00000006c0c0c838,0x00000006c2b00000)
 Metaspace       used 6116K, capacity 7088K, committed 7296K, reserved 1056768K
  class space    used 577K, capacity 616K, committed 640K, reserved 1048576K
Event: 8.837 GC heap after
Heap after GC invocations=7 (full 0):
 PSYoungGen      total 38912K, used 6112K [0x000000076ab00000, 0x000000076d700000, 0x00000007c0000000)
  eden space 32768K, 0% used [0x000000076ab00000,0x000000076ab00000,0x000000076cb00000)
  from space 6144K, 99% used [0x000000076cb00000,0x000000076d0f83e0,0x000000076d100000)
  to   space 5632K, 0% used [0x000000076d180000,0x000000076d180000,0x000000076d700000)
 ParOldGen       total 44032K, used 15636K [0x00000006c0000000, 0x00000006c2b00000, 0x000000076ab00000)
  object space 44032K, 35% used [0x00000006c0000000,0x00000006c0f45380,0x00000006c2b00000)
 Metaspace       used 6116K, capacity 7088K, committed 7296K, reserved 1056768K
  class space    used 577K, capacity 616K, committed 640K, reserved 1048576K
}
Event: 9.875 GC heap before
{Heap before GC invocations=8 (full 0):
 PSYoungGen      total 38912K, used 38880K [0x000000076ab00000, 0x000000076d700000, 0x00000007c0000000)
  eden space 32768K, 100% used [0x000000076ab00000,0x000000076cb00000,0x000000076cb00000)
  from space 6144K, 99% used [0x000000076cb00000,0x000000076d0f83e0,0x000000076d100000)
  to   space 5632K, 0% used [0x000000076d180000,0x000000076d180000,0x000000076d700000)
 ParOldGen       total 44032K, used 15636K [0x00000006c0000000, 0x00000006c2b00000, 0x000000076ab00000)
  object space 44032K, 35% used [0x00000006c0000000,0x00000006c0f45380,0x00000006c2b00000)
 Metaspace       used 6122K, capacity 7088K, committed 7296K, reserved 1056768K
  class space    used 577K, capacity 616K, committed 640K, reserved 1048576K
Event: 9.897 GC heap after
Heap after GC invocations=8 (full 0):
 PSYoungGen      total 35328K, used 5628K [0x000000076ab00000, 0x000000076fe00000, 0x00000007c0000000)
  eden space 29696K, 0% used [0x000000076ab00000,0x000000076ab00000,0x000000076c800000)
  from space 5632K, 99% used [0x000000076d180000,0x000000076d6ff378,0x000000076d700000)
  to   space 9728K, 0% used [0x000000076c800000,0x000000076c800000,0x000000076d180000)
 ParOldGen       total 44032K, used 20058K [0x00000006c0000000, 0x00000006c2b00000, 0x000000076ab00000)
  object space 44032K, 45% used [0x00000006c0000000,0x00000006c1396a78,0x00000006c2b00000)
 Metaspace       used 6122K, capacity 7088K, committed 7296K, reserved 1056768K
  class space    used 577K, capacity 616K, committed 640K, reserved 1048576K
}

